<?xml version="1.0" encoding="UTF-8"?>
<!-- Generated by org.testng.reporters.JUnitReportReporter -->
<testsuite hostname="DESKTOP-EOO5LRD" failures="0" tests="2" name="TestRunner.Run" time="44.216" errors="0" timestamp="2024-05-21T22:15:08 WAT" skipped="0">
  <testcase classname="TestRunner.Run" name="runScenario" time="26.308"/>
  <system-out/>
  <testcase classname="TestRunner.Run" name="runScenario" time="17.908"/>
  <system-out/>
</testsuite> <!-- TestRunner.Run -->
